{
    "usuario": {
        "id": 1,
        "primeiro_nome": "admin",
        "ultimo_nome": "",
        "email": "admin@test.database.cric.com.br",
        "senha": "b316df1d65ee42ff51a5393df1f86105",
        "ativo": 1,
        "created_at": "2020-01-01T03:00:00.000Z",
        "updated_at": "2020-01-01T03:00:00.000Z",
        "nivel_acesso": "TOTAL",
        "api_key": "",
        "codigo_crc": "fake",
        "pais": null,
        "estado_regiao": null,
        "cidade": null,
        "total_segmentacoes": 28,
        "total_classificacoes": 2
    },
    "token_autenticacao": "69b2f757-541e-413d-8497-74b3696b183d"
}
