[
    {
        "id": 1,
        "primeiro_nome": "admin",
        "ultimo_nome": "",
        "email": "admin@test.cricdatabase.com.br",
        "senha": "b316df1d65ee42ff51a5393df1f86105",
        "ativo": 1,
        "createdAt": "2020-01-01T03:00:00.000Z",
        "updatedAt": "2020-01-01T03:00:00.000Z"
    },
    {
        "id": 2,
        "primeiro_nome": "Ruby",
        "ultimo_nome": "",
        "email": "ruby@test.cricdatabase.com.br",
        "senha": "b316df1d65ee42ff51a5393df1f86105",
        "ativo": 1,
        "createdAt": "2020-01-01T03:00:00.000Z",
        "updatedAt": "2020-01-01T03:00:00.000Z"
    },
    {
        "id": 3,
        "primeiro_nome": "Lucy",
        "ultimo_nome": "",
        "email": "lucy@test.cricdatabase.com.br",
        "senha": "b316df1d65ee42ff51a5393df1f86105",
        "ativo": 1,
        "createdAt": "2020-01-01T03:00:00.000Z",
        "updatedAt": "2020-01-01T03:00:00.000Z"
    },
    {
        "id": 4,
        "primeiro_nome": "Charles",
        "ultimo_nome": "",
        "email": "charles@test.cricdatabase.com.br",
        "senha": "b316df1d65ee42ff51a5393df1f86105",
        "ativo": 1,
        "createdAt": "2020-01-01T03:00:00.000Z",
        "updatedAt": "2020-01-01T03:00:00.000Z"
    }
]
