[
    {
        "id": 1,
        "primeiro_nome": "admin",
        "ultimo_nome": "",
        "email": "admin@test.database.cric.com.br",
        "senha": "b316df1d65ee42ff51a5393df1f86105",
        "ativo": 1,
        "createdAt": "2020-01-01T03:00:00.000Z",
        "updatedAt": "2020-01-01T03:00:00.000Z"
    },
    {
        "id": 2,
        "primeiro_nome": "Ruby",
        "ultimo_nome": "",
        "email": "ruby@test.database.cric.com.br",
        "senha": "b316df1d65ee42ff51a5393df1f86105",
        "ativo": 1,
        "createdAt": "2020-01-01T03:00:00.000Z",
        "updatedAt": "2020-01-01T03:00:00.000Z"
    },
    {
        "id": 3,
        "primeiro_nome": "Lucy",
        "ultimo_nome": "",
        "email": "lucy@test.database.cric.com.br",
        "senha": "b316df1d65ee42ff51a5393df1f86105",
        "ativo": 1,
        "createdAt": "2020-01-01T03:00:00.000Z",
        "updatedAt": "2020-01-01T03:00:00.000Z"
    },
    {
        "id": 4,
        "primeiro_nome": "Charles",
        "ultimo_nome": "",
        "email": "charles@test.database.cric.com.br",
        "senha": "b316df1d65ee42ff51a5393df1f86105",
        "ativo": 1,
        "createdAt": "2020-01-01T03:00:00.000Z",
        "updatedAt": "2020-01-01T03:00:00.000Z"
    },
    {
        "id": 5,
        "primeiro_nome": "Terry",
        "ultimo_nome": "",
        "email": "terry@test.database.cric.com.br",
        "senha": "b316df1d65ee42ff51a5393df1f86105",
        "ativo": 1,
        "createdAt": "2020-04-14T19:52:39.000Z",
        "updatedAt": "2020-04-14T19:52:39.000Z"
    },
    {
        "id": 6,
        "primeiro_nome": "Adan",
        "ultimo_nome": "",
        "email": "adan@test.database.cric.com.br",
        "senha": "b316df1d65ee42ff51a5393df1f86105",
        "ativo": 1,
        "createdAt": "2020-04-14T19:52:39.000Z",
        "updatedAt": "2020-04-14T19:52:39.000Z"
    },
    {
        "id": 7,
        "primeiro_nome": "Cyrus",
        "ultimo_nome": "",
        "email": "cyrus@test.database.cric.com.br",
        "senha": "b316df1d65ee42ff51a5393df1f86105",
        "ativo": 1,
        "createdAt": "2020-04-14T19:52:40.000Z",
        "updatedAt": "2020-04-14T19:52:40.000Z"
    }
]
