{
    "id": 1,
    "nome": "example0001.jpg",
    "codigo_lamina": "0001",
    "excluida": 0,
    "classificacao_aprovada": 1,
    "dt_aquisicao": "2020-01-01T03:00:00.000Z",
    "fonte_aquisicao": 1,
    "caminho_imagem": "src/assets/imagens/seeders/example0001.jpg",
    "altura": 400,
    "largura": 600,
    "createdAt": "2020-01-01T03:00:00.000Z",
    "updatedAt": "2020-01-01T03:00:00.000Z",
    "id_usuario": 1,
    "lesao": {
        "id": 2,
        "nome": "ASC-US",
        "detalhes": "",
        "createdAt": "2020-01-01T03:00:00.000Z",
        "updatedAt": "2020-01-01T03:00:00.000Z"
    }
}
