[
    {
        "id": 2,
        "nome": "ASC-US",
        "detalhes": ""
    },
    {
        "id": 3,
        "nome": "LSIL",
        "detalhes": ""
    },
    {
        "id": 4,
        "nome": "ASC-H",
        "detalhes": ""
    },
    {
        "id": 5,
        "nome": "HSIL",
        "detalhes": ""
    },
    {
        "id": 6,
        "nome": "Carcinoma",
        "detalhes": ""
    },
    {
        "id": 7,
        "nome": "ASC-H",
        "detalhes": ""
    },
    {
        "id": 8,
        "nome": "ASC-US",
        "detalhes": ""
    },
    {
        "id": 9,
        "nome": "HSIL",
        "detalhes": ""
    },
    {
        "id": 10,
        "nome": "LSIL",
        "detalhes": ""
    }
]
