[
    {
        "id": 2,
        "nome": "ASC-US",
        "detalhes": "",
        "createdAt": "2020-01-01T03:00:00.000Z",
        "updatedAt": "2020-01-01T03:00:00.000Z"
    },
    {
        "id": 3,
        "nome": "LSIL",
        "detalhes": "",
        "createdAt": "2020-01-01T03:00:00.000Z",
        "updatedAt": "2020-01-01T03:00:00.000Z"
    },
    {
        "id": 4,
        "nome": "ASC-H",
        "detalhes": "",
        "createdAt": "2020-01-01T03:00:00.000Z",
        "updatedAt": "2020-01-01T03:00:00.000Z"
    },
    {
        "id": 5,
        "nome": "HSIL",
        "detalhes": "",
        "createdAt": "2020-01-01T03:00:00.000Z",
        "updatedAt": "2020-01-01T03:00:00.000Z"
    },
    {
        "id": 6,
        "nome": "Carcinoma",
        "detalhes": "",
        "createdAt": "2020-01-01T03:00:00.000Z",
        "updatedAt": "2020-01-01T03:00:00.000Z"
    },
    {
        "id": 7,
        "nome": "ASC-H",
        "detalhes": "",
        "createdAt": "2020-04-22T16:08:23.000Z",
        "updatedAt": "2020-04-22T16:08:23.000Z"
    },
    {
        "id": 8,
        "nome": "ASC-US",
        "detalhes": "",
        "createdAt": "2020-04-22T16:08:24.000Z",
        "updatedAt": "2020-04-22T16:08:24.000Z"
    },
    {
        "id": 9,
        "nome": "HSIL",
        "detalhes": "",
        "createdAt": "2020-04-22T16:08:24.000Z",
        "updatedAt": "2020-04-22T16:08:24.000Z"
    },
    {
        "id": 10,
        "nome": "LSIL",
        "detalhes": "",
        "createdAt": "2020-04-22T16:08:24.000Z",
        "updatedAt": "2020-04-22T16:08:24.000Z"
    },
    {
        "id": 11,
        "nome": "Epithelia",
        "detalhes": null,
        "createdAt": "2020-04-22T16:08:35.000Z",
        "updatedAt": "2020-04-22T16:08:35.000Z"
    }
]
