{
    "id": 4,
    "nome": "06437f48251ff300_example0006.jpg",
    "codigo_lamina": "JPG Example",
    "excluida": 0,
    "classificacao_aprovada": 1,
    "dt_aquisicao": "2020-01-01T00:00:00.000Z",
    "fonte_aquisicao": 1,
    "caminho_imagem": "imagens/base_interna/",
    "altura": 400,
    "largura": 600,
    "createdAt": "2020-04-22T16:07:34.000Z",
    "updatedAt": "2020-04-22T16:08:46.000Z",
    "id_usuario": 1,
    "lesao": {
        "id": 2,
        "nome": "ASC-US",
        "detalhes": "",
        "createdAt": "2020-01-01T03:00:00.000Z",
        "updatedAt": "2020-01-01T03:00:00.000Z"
    }
}
